<?xml version="1.0" encoding="UTF-8"?>
<!-- Generated by org.testng.reporters.JUnitReportReporter -->
<testsuite hostname="DESKTOP-I5KHVEK" failures="0" tests="1" name="testNg.OrangeMyInfo" time="46.176" errors="0" timestamp="2026-04-03T16:42:04 IST" skipped="0">
  <testcase classname="testNg.OrangeMyInfo" name="myInfo" time="46.176"/>
  <system-out>
    <![CDATA[Establisihing DataBase connection
Pre-Conditions
Launched Browser
Logged out successfully
Closed browser
Launched Browser
Logged out successfully
Closed browser
Post-Conditions
Disconnecting from DataBase connection]]>
  </system-out>
</testsuite> <!-- testNg.OrangeMyInfo -->
