<?xml version="1.0" encoding="UTF-8"?>
<!-- Generated by org.testng.reporters.JUnitReportReporter -->
<testsuite hostname="DESKTOP-I5KHVEK" failures="0" tests="2" name="testNg.Dummy" time="0.014" errors="0" timestamp="2026-04-01T16:55:33 IST" skipped="0">
  <testcase classname="testNg.Dummy" name="dummySetup1" time="0.002">
    <system-out>
      <![CDATA[Checking Browser]]>
    </system-out>
  </testcase> <!-- dummySetup1 -->
  <testcase classname="testNg.Dummy" name="dummySetup" time="0.012">
    <system-out>
      <![CDATA[Checking Base Class]]>
    </system-out>
  </testcase> <!-- dummySetup -->
  <system-out>
    <![CDATA[Checking Base Class
Checking Browser]]>
  </system-out>
</testsuite> <!-- testNg.Dummy -->
