<?xml version="1.0" encoding="UTF-8"?>
<!-- Generated by org.testng.reporters.JUnitReportReporter -->
<testsuite hostname="DESKTOP-I5KHVEK" failures="0" tests="1" name="testNg.OrangeMyInfoAndLeave" time="17.022" errors="0" timestamp="2026-04-19T17:05:27 IST" skipped="0">
  <testcase classname="testNg.OrangeMyInfoAndLeave" name="myInfo" time="17.022"/>
  <system-out>
    <![CDATA[Establisihing DataBase connection
Pre-Conditions
Launched Browser
Logged out successfully
Closed browser
Disconnecting from DataBase connection
Post-Conditions]]>
  </system-out>
</testsuite> <!-- testNg.OrangeMyInfoAndLeave -->
