<?xml version="1.0" encoding="UTF-8"?>
<!-- Generated by org.testng.reporters.JUnitReportReporter -->
<testsuite hostname="DESKTOP-I5KHVEK" failures="0" tests="2" name="testNg.OrangeMyInfoAndLeave" time="20.355" errors="0" timestamp="2026-04-03T18:07:21 IST" skipped="0">
  <testcase classname="testNg.OrangeMyInfoAndLeave" name="leave" time="12.292"/>
  <testcase classname="testNg.OrangeMyInfoAndLeave" name="myInfo" time="8.063"/>
  <system-out>
    <![CDATA[Establisihing DataBase connection
Pre-Conditions
Pre-Conditions
Launched Browser
Launched Browser
Logged out successfully
Logged out successfully
Closed browser
Disconnecting from DataBase connection
Logged out successfully
Closed browser
Disconnecting from DataBase connection
Post-Conditions]]>
  </system-out>
</testsuite> <!-- testNg.OrangeMyInfoAndLeave -->
