<?xml version="1.0" encoding="UTF-8"?>
<!-- Generated by org.testng.reporters.JUnitReportReporter -->
<testsuite hostname="DESKTOP-I5KHVEK" failures="0" tests="1" name="prac.MonicaYt" time="57.432" errors="0" timestamp="2026-04-06T15:30:52 IST" skipped="0">
  <testcase classname="prac.MonicaYt" name="yT" time="57.432">
    <system-out>
      <![CDATA[No No Tnx Button
Played Monica Song Successfully
### JENKINS EXECUTION CONFIRMED ###]]>
    </system-out>
  </testcase> <!-- yT -->
  <system-out>
    <![CDATA[No No Tnx Button
Played Monica Song Successfully
### JENKINS EXECUTION CONFIRMED ###]]>
  </system-out>
</testsuite> <!-- prac.MonicaYt -->
