<?xml version="1.0" encoding="UTF-8"?>
<!-- Generated by org.testng.reporters.JUnitReportReporter -->
<testsuite hostname="DESKTOP-I5KHVEK" failures="0" tests="1" name="testNg.OrangeClaim" time="20.831" errors="0" timestamp="2026-04-06T19:16:56 IST" skipped="0">
  <testcase classname="testNg.OrangeClaim" name="claim" time="20.831"/>
  <system-out>
    <![CDATA[Establisihing DataBase connection
Pre-Conditions
Launched Browser
Logged out successfully
Closed browser
Disconnecting from DataBase connection
Post-Conditions]]>
  </system-out>
</testsuite> <!-- testNg.OrangeClaim -->
