<?xml version="1.0" encoding="UTF-8"?>
<!-- Generated by org.testng.reporters.JUnitReportReporter -->
<testsuite hostname="DESKTOP-I5KHVEK" failures="0" tests="1" name="testNg.OrangeClaim" time="12.388" errors="0" timestamp="2026-04-03T18:07:21 IST" skipped="0">
  <testcase classname="testNg.OrangeClaim" name="claim" time="12.388"/>
  <system-out>
    <![CDATA[Establisihing DataBase connection
Pre-Conditions
Pre-Conditions
Launched Browser
Launched Browser
Logged out successfully
Logged out successfully
Closed browser
Disconnecting from DataBase connection
Logged out successfully
Closed browser
Disconnecting from DataBase connection
Post-Conditions]]>
  </system-out>
</testsuite> <!-- testNg.OrangeClaim -->
