<?xml version="1.0" encoding="UTF-8"?>
<!-- Generated by org.testng.reporters.JUnitReportReporter -->
<testsuite hostname="DESKTOP-I5KHVEK" failures="0" tests="2" name="testNg.MaleAndFemaleReg" time="11.032" errors="0" timestamp="2026-03-30T17:55:24 IST" skipped="0">
  <testcase classname="testNg.MaleAndFemaleReg" name="maleReg" time="6.288">
    <system-out>
      <![CDATA[Successfully Registered Male Details]]>
    </system-out>
  </testcase> <!-- maleReg -->
  <testcase classname="testNg.MaleAndFemaleReg" name="maleReg" time="4.744">
    <system-out>
      <![CDATA[Successfully Registered Male Details]]>
    </system-out>
  </testcase> <!-- maleReg -->
  <system-out>
    <![CDATA[Successfully Registered Male Details
Successfully Registered Male Details]]>
  </system-out>
</testsuite> <!-- testNg.MaleAndFemaleReg -->
