<?xml version="1.0" encoding="UTF-8"?>
<!-- Generated by org.testng.reporters.JUnitXMLReporter -->
<testsuite ignored="6" hostname="DESKTOP-I5KHVEK" failures="0" tests="1" name="Test" time="12.734" errors="0" timestamp="2026-04-03T17:34:55 IST">
  <testcase classname="testNg.OrangeMyInfoAndLeave" name="leave" time="1.872"/>
  <testcase classname="genericUtilities.BaseClass" name="@BeforeTest beforeTest" time="0.0">
    <ignored/>
  </testcase> <!-- @BeforeTest beforeTest -->
  <testcase classname="testNg.OrangeMyInfoAndLeave" name="myInfo" time="0.0">
    <ignored/>
  </testcase> <!-- myInfo -->
  <testcase classname="genericUtilities.BaseClass" name="@BeforeSuite beforeSuite" time="0.0">
    <ignored/>
  </testcase> <!-- @BeforeSuite beforeSuite -->
  <testcase classname="genericUtilities.BaseClass" name="@AfterSuite afterSuite" time="0.0">
    <ignored/>
  </testcase> <!-- @AfterSuite afterSuite -->
  <testcase classname="genericUtilities.BaseClass" name="@AfterTest afterTest" time="0.0">
    <ignored/>
  </testcase> <!-- @AfterTest afterTest -->
  <testcase classname="testNg.OrangeClaim" name="claim" time="0.0">
    <ignored/>
  </testcase> <!-- claim -->
</testsuite> <!-- Test -->
