<?xml version="1.0" encoding="UTF-8"?>
<testng-results ignored="0" total="1" passed="1" failed="0" skipped="0">
  <reporter-output>
    <line>
      <![CDATA[No No Tnx Button]]>
    </line>
    <line>
      <![CDATA[Played Monica Song Successfully]]>
    </line>
    <line>
      <![CDATA[### JENKINS EXECUTION CONFIRMED ###]]>
    </line>
  </reporter-output>
  <suite started-at="2026-04-06T15:29:54 IST" name="Default suite" finished-at="2026-04-06T15:30:51 IST" duration-ms="57483">
    <groups>
    </groups>
    <test started-at="2026-04-06T15:29:54 IST" name="Default test" finished-at="2026-04-06T15:30:51 IST" duration-ms="57483">
      <class name="prac.MonicaYt">
        <test-method signature="yT()[pri:0, instance:prac.MonicaYt@71d44a3]" started-at="2026-04-06T15:29:54 IST" name="yT" finished-at="2026-04-06T15:30:51 IST" duration-ms="57432" status="PASS">
          <reporter-output>
            <line>
              <![CDATA[No No Tnx Button]]>
            </line>
            <line>
              <![CDATA[Played Monica Song Successfully]]>
            </line>
            <line>
              <![CDATA[### JENKINS EXECUTION CONFIRMED ###]]>
            </line>
          </reporter-output>
        </test-method> <!-- yT -->
      </class> <!-- prac.MonicaYt -->
    </test> <!-- Default test -->
  </suite> <!-- Default suite -->
</testng-results>
